2019-11-30 21:43:49,190 Starting logging for current session
2019-11-30 21:43:49,190 info: Verifying list of iFAS packages
2019-11-30 21:43:49,191 debug: Verifying Package: contrastPack
2019-11-30 21:43:49,193 debug: Package verified
2019-11-30 21:43:49,193 debug: Verifying Package: texturePack
2019-11-30 21:43:49,195 debug: Package verified
2019-11-30 21:43:49,195 debug: Verifying Package: cdMeasuresPack
2019-11-30 21:43:49,195 debug: Package verified
2019-11-30 21:43:49,195 debug: Verifying Package: miselaneusPack
2019-11-30 21:43:49,195 debug: Package verified
2019-11-30 21:43:49,195 info: contrastPack; texturePack; cdMeasuresPack; miselaneusPack
2019-11-30 21:43:49,195 info: Link to packages are available
2019-11-30 21:43:49,195 info: Verifying your image files...
2019-11-30 21:43:49,205 info: Progress ... 100.0
2019-11-30 21:43:49,205 info: Size agrees between images
2019-11-30 21:43:49,217 info: Your metrics are being computed...
2019-11-30 21:43:49,217 info: Image /media/bortiz/DATA/gitProjects/iFAS/sample_images/ref_0.bmp has 1 associated processed files!
2019-11-30 21:43:49,228 info: Package miselaneusPack loaded!
2019-11-30 21:43:49,228 info: Computing function PSNR
2019-11-30 21:43:49,237 info: PSNR: /media/bortiz/DATA/gitProjects/iFAS/sample_images/ref_0.bmp; /media/bortiz/DATA/gitProjects/iFAS/sample_images/pro_0.bmp = 28.781849252938606
2019-11-30 21:43:49,237 info: Processing ref... 100.0
2019-11-30 21:43:49,273 debug: Creating status bar
2019-11-30 21:43:49,274 debug: Status bar created
2019-11-30 21:43:49,274 debug: Setting image in scrolling window
2019-11-30 21:43:49,275 debug: Image in scrolling window set
2019-11-30 21:43:49,276 debug: Setting image in scrolling window
2019-11-30 21:43:49,277 debug: Image in scrolling window set
2019-11-30 21:43:49,277 debug: Setting image in scrolling window
2019-11-30 21:43:49,278 debug: Image in scrolling window set
2019-11-30 21:43:49,289 debug: Creating text view
2019-11-30 21:43:49,291 debug: Text view created
2019-11-30 21:43:49,292 debug: Updating images
2019-11-30 21:43:49,292 debug: Saving temporal files
2019-11-30 21:43:49,474 debug: Temporal files saved
2019-11-30 21:43:49,492 debug: Images updated
2019-11-30 21:43:49,492 debug: Aboud click
2019-11-30 21:43:49,492 debug: Printing message
2019-11-30 21:43:49,493 debug: Message printed
2019-11-30 21:43:49,493 debug: about clicked
2019-11-30 21:43:55,553 debug: Loading Data
2019-11-30 21:44:02,359 debug: Updating images
2019-11-30 21:44:02,359 debug: Saving temporal files
2019-11-30 21:44:02,439 debug: Temporal files saved
2019-11-30 21:44:02,449 debug: Images updated
2019-11-30 21:44:02,450 debug: Printing message
2019-11-30 21:44:02,451 debug: Message printed
2019-11-30 21:44:02,451 info: Package: texturePack
Difference map: td00_ar2d
cri1_ref0.bmp

td00_ar2d:
cri1_pro0_0_0_0.bmp	0.14501
cri1_pro0_0_1_0.bmp	0.13526
cri1_pro0_1_0_0.bmp	0.14572
cri1_pro0_1_1_0.bmp	0.13067
cri1_pro0_2_0_0.bmp	0.17276
cri1_pro0_2_1_0.bmp	0.15340
cri1_pro0_3_0_0.bmp	0.16059
cri1_pro0_3_1_0.bmp	0.12086
cri1_pro0_4_0_0.bmp	0.19312
cri1_pro0_4_1_0.bmp	0.14580
cri1_pro0_5_0_0.bmp	0.13764
cri1_pro0_5_1_0.bmp	0.11858
cri1_pro0_6_0_0.bmp	0.15379
cri1_pro0_6_1_0.bmp	0.16428
cri1_pro0_7_0_0.bmp	0.04214
cri1_pro0_7_1_0.bmp	0.12149

td01_autocorr2d:
cri1_pro0_0_0_0.bmp	0.00888
cri1_pro0_0_1_0.bmp	0.00809
cri1_pro0_1_0_0.bmp	0.00876
cri1_pro0_1_1_0.bmp	0.00809
cri1_pro0_2_0_0.bmp	0.00663
cri1_pro0_2_1_0.bmp	0.00446
cri1_pro0_3_0_0.bmp	0.00585
cri1_pro0_3_1_0.bmp	0.00320
cri1_pro0_4_0_0.bmp	0.00342
cri1_pro0_4_1_0.bmp	0.00235
cri1_pro0_5_0_0.bmp	0.00234
cri1_pro0_5_1_0.bmp	0.00138
cri1_pro0_6_0_0.bmp	0.00019
cri1_pro0_6_1_0.bmp	0.00104
cri1_pro0_7_0_0.bmp	0.00547
cri1_pro0_7_1_0.bmp	0.00542

td02_coomatrix:
cri1_pro0_0_0_0.bmp	126522.24059
cri1_pro0_0_1_0.bmp	112238.38190
cri1_pro0_1_0_0.bmp	126647.84537
cri1_pro0_1_1_0.bmp	106363.57061
cri1_pro0_2_0_0.bmp	98080.33335
cri1_pro0_2_1_0.bmp	55666.71396
cri1_pro0_3_0_0.bmp	98066.97040
cri1_pro0_3_1_0.bmp	79192.98695
cri1_pro0_4_0_0.bmp	39492.85711
cri1_pro0_4_1_0.bmp	9795.31213
cri1_pro0_5_0_0.bmp	25516.69548
cri1_pro0_5_1_0.bmp	1836.54442
cri1_pro0_6_0_0.bmp	338.64714
cri1_pro0_6_1_0.bmp	11302.50725
cri1_pro0_7_0_0.bmp	51517.57319
cri1_pro0_7_1_0.bmp	50865.98623

td03_dwtenergy:
cri1_pro0_0_0_0.bmp	26.01006
cri1_pro0_0_1_0.bmp	23.24553
cri1_pro0_1_0_0.bmp	23.70870
cri1_pro0_1_1_0.bmp	20.79490
cri1_pro0_2_0_0.bmp	20.96458
cri1_pro0_2_1_0.bmp	17.97183
cri1_pro0_3_0_0.bmp	19.44695
cri1_pro0_3_1_0.bmp	27.25369
cri1_pro0_4_0_0.bmp	21.34756
cri1_pro0_4_1_0.bmp	21.10026
cri1_pro0_5_0_0.bmp	27.05357
cri1_pro0_5_1_0.bmp	24.85977
cri1_pro0_6_0_0.bmp	17.53178
cri1_pro0_6_1_0.bmp	14.89122
cri1_pro0_7_0_0.bmp	29.29275
cri1_pro0_7_1_0.bmp	31.29898

td04_eigenfilter:
cri1_pro0_0_0_0.bmp	25.23698
cri1_pro0_0_1_0.bmp	21.65353
cri1_pro0_1_0_0.bmp	25.62408
cri1_pro0_1_1_0.bmp	23.60503
cri1_pro0_2_0_0.bmp	19.96514
cri1_pro0_2_1_0.bmp	13.91056
cri1_pro0_3_0_0.bmp	17.49550
cri1_pro0_3_1_0.bmp	11.92400
cri1_pro0_4_0_0.bmp	12.54790
cri1_pro0_4_1_0.bmp	10.47270
cri1_pro0_5_0_0.bmp	11.38264
cri1_pro0_5_1_0.bmp	9.05445
cri1_pro0_6_0_0.bmp	3.86675
cri1_pro0_6_1_0.bmp	6.33547
cri1_pro0_7_0_0.bmp	4.68890
cri1_pro0_7_1_0.bmp	4.32694

td05_gabor:
cri1_pro0_0_0_0.bmp	0.07186
cri1_pro0_0_1_0.bmp	0.04948
cri1_pro0_1_0_0.bmp	0.06565
cri1_pro0_1_1_0.bmp	0.04617
cri1_pro0_2_0_0.bmp	0.03096
cri1_pro0_2_1_0.bmp	0.01489
cri1_pro0_3_0_0.bmp	0.02556
cri1_pro0_3_1_0.bmp	0.01310
cri1_pro0_4_0_0.bmp	0.01469
cri1_pro0_4_1_0.bmp	0.01955
cri1_pro0_5_0_0.bmp	0.01290
cri1_pro0_5_1_0.bmp	0.01304
cri1_pro0_6_0_0.bmp	0.02081
cri1_pro0_6_1_0.bmp	0.01072
cri1_pro0_7_0_0.bmp	0.02424
cri1_pro0_7_1_0.bmp	0.03448

td06_gmrf:
cri1_pro0_0_0_0.bmp	0.05085
cri1_pro0_0_1_0.bmp	0.04054
cri1_pro0_1_0_0.bmp	0.05641
cri1_pro0_1_1_0.bmp	0.04469
cri1_pro0_2_0_0.bmp	0.05042
cri1_pro0_2_1_0.bmp	0.02932
cri1_pro0_3_0_0.bmp	0.05179
cri1_pro0_3_1_0.bmp	0.03593
cri1_pro0_4_0_0.bmp	0.04258
cri1_pro0_4_1_0.bmp	0.03457
cri1_pro0_5_0_0.bmp	0.03967
cri1_pro0_5_1_0.bmp	0.03200
cri1_pro0_6_0_0.bmp	0.03835
cri1_pro0_6_1_0.bmp	0.03616
cri1_pro0_7_0_0.bmp	0.03114
cri1_pro0_7_1_0.bmp	0.02885

td07_granulometrymoments:
cri1_pro0_0_0_0.bmp	5.02611
cri1_pro0_0_1_0.bmp	5.67122
cri1_pro0_1_0_0.bmp	5.76235
cri1_pro0_1_1_0.bmp	2.38989
cri1_pro0_2_0_0.bmp	5.66437
cri1_pro0_2_1_0.bmp	9.01307
cri1_pro0_3_0_0.bmp	6.98905
cri1_pro0_3_1_0.bmp	4.52007
cri1_pro0_4_0_0.bmp	3.96467
cri1_pro0_4_1_0.bmp	44.67506
cri1_pro0_5_0_0.bmp	22.36040
cri1_pro0_5_1_0.bmp	104.00250
cri1_pro0_6_0_0.bmp	1.44192
cri1_pro0_6_1_0.bmp	6.92256
cri1_pro0_7_0_0.bmp	51.70019
cri1_pro0_7_1_0.bmp	30.00619

td08_laplacianpyramid:
cri1_pro0_0_0_0.bmp	1.54199
cri1_pro0_0_1_0.bmp	1.41920
cri1_pro0_1_0_0.bmp	1.49408
cri1_pro0_1_1_0.bmp	1.36496
cri1_pro0_2_0_0.bmp	1.34352
cri1_pro0_2_1_0.bmp	1.14633
cri1_pro0_3_0_0.bmp	1.25002
cri1_pro0_3_1_0.bmp	1.18356
cri1_pro0_4_0_0.bmp	0.93290
cri1_pro0_4_1_0.bmp	0.85652
cri1_pro0_5_0_0.bmp	1.00007
cri1_pro0_5_1_0.bmp	0.79778
cri1_pro0_6_0_0.bmp	0.50403
cri1_pro0_6_1_0.bmp	0.46068
cri1_pro0_7_0_0.bmp	0.46534
cri1_pro0_7_1_0.bmp	0.54747

td09_lawsoperators:
cri1_pro0_0_0_0.bmp	0.00925
cri1_pro0_0_1_0.bmp	0.00831
cri1_pro0_1_0_0.bmp	0.00921
cri1_pro0_1_1_0.bmp	0.00779
cri1_pro0_2_0_0.bmp	0.00667
cri1_pro0_2_1_0.bmp	0.00411
cri1_pro0_3_0_0.bmp	0.00593
cri1_pro0_3_1_0.bmp	0.00352
cri1_pro0_4_0_0.bmp	0.00314
cri1_pro0_4_1_0.bmp	0.00221
cri1_pro0_5_0_0.bmp	0.00270
cri1_pro0_5_1_0.bmp	0.00249
cri1_pro0_6_0_0.bmp	0.00160
cri1_pro0_6_1_0.bmp	0.00170
cri1_pro0_7_0_0.bmp	0.00587
cri1_pro0_7_1_0.bmp	0.00610

td10_lbp:
cri1_pro0_0_0_0.bmp	0.01015
cri1_pro0_0_1_0.bmp	0.00822
cri1_pro0_1_0_0.bmp	0.01174
cri1_pro0_1_1_0.bmp	0.00766
cri1_pro0_2_0_0.bmp	0.00584
cri1_pro0_2_1_0.bmp	0.00157
cri1_pro0_3_0_0.bmp	0.00769
cri1_pro0_3_1_0.bmp	0.00418
cri1_pro0_4_0_0.bmp	0.00086
cri1_pro0_4_1_0.bmp	0.00038
cri1_pro0_5_0_0.bmp	0.00054
cri1_pro0_5_1_0.bmp	0.00069
cri1_pro0_6_0_0.bmp	0.00019
cri1_pro0_6_1_0.bmp	0.00018
cri1_pro0_7_0_0.bmp	0.00141
cri1_pro0_7_1_0.bmp	0.00126

td11_steerablepyramid:
cri1_pro0_0_0_0.bmp	3.26462
cri1_pro0_0_1_0.bmp	3.23256
cri1_pro0_1_0_0.bmp	3.06356
cri1_pro0_1_1_0.bmp	3.12139
cri1_pro0_2_0_0.bmp	3.59814
cri1_pro0_2_1_0.bmp	3.58833
cri1_pro0_3_0_0.bmp	3.37608
cri1_pro0_3_1_0.bmp	3.88394
cri1_pro0_4_0_0.bmp	2.86795
cri1_pro0_4_1_0.bmp	3.24225
cri1_pro0_5_0_0.bmp	3.30789
cri1_pro0_5_1_0.bmp	3.39589
cri1_pro0_6_0_0.bmp	1.76385
cri1_pro0_6_1_0.bmp	1.80572
cri1_pro0_7_0_0.bmp	0.94221
cri1_pro0_7_1_0.bmp	1.69886

td12_power_spectrum_fft:
cri1_pro0_0_0_0.bmp	739.16040
cri1_pro0_0_1_0.bmp	616.82174
cri1_pro0_1_0_0.bmp	2718.73914
cri1_pro0_1_1_0.bmp	2661.50182
cri1_pro0_2_0_0.bmp	1394.53681
cri1_pro0_2_1_0.bmp	312.27581
cri1_pro0_3_0_0.bmp	1313.68785
cri1_pro0_3_1_0.bmp	166.17214
cri1_pro0_4_0_0.bmp	471.24615
cri1_pro0_4_1_0.bmp	568.65735
cri1_pro0_5_0_0.bmp	359.40245
cri1_pro0_5_1_0.bmp	295.39135
cri1_pro0_6_0_0.bmp	5.47800
cri1_pro0_6_1_0.bmp	124.79591
cri1_pro0_7_0_0.bmp	468.17394
cri1_pro0_7_1_0.bmp	684.94767

td13_wigner_distribution:
cri1_pro0_0_0_0.bmp	0.33082
cri1_pro0_0_1_0.bmp	1.35077
cri1_pro0_1_0_0.bmp	0.47585
cri1_pro0_1_1_0.bmp	0.29987
cri1_pro0_2_0_0.bmp	0.13152
cri1_pro0_2_1_0.bmp	0.07742
cri1_pro0_3_0_0.bmp	0.17574
cri1_pro0_3_1_0.bmp	0.01342
cri1_pro0_4_0_0.bmp	0.03556
cri1_pro0_4_1_0.bmp	0.01772
cri1_pro0_5_0_0.bmp	0.01075
cri1_pro0_5_1_0.bmp	0.12053
cri1_pro0_6_0_0.bmp	0.00568
cri1_pro0_6_1_0.bmp	0.01414
cri1_pro0_7_0_0.bmp	0.04797
cri1_pro0_7_1_0.bmp	0.07469
cri3_ref0.bmp

td00_ar2d:
cri3_pro0_0_0_0.bmp	0.15777
cri3_pro0_0_1_0.bmp	0.15402
cri3_pro0_1_0_0.bmp	0.12907
cri3_pro0_1_1_0.bmp	0.13880
cri3_pro0_2_0_0.bmp	0.13065
cri3_pro0_2_1_0.bmp	0.12033
cri3_pro0_3_0_0.bmp	0.06805
cri3_pro0_3_1_0.bmp	0.09776
cri3_pro0_4_0_0.bmp	0.07031
cri3_pro0_4_1_0.bmp	0.09297
cri3_pro0_5_0_0.bmp	0.07167
cri3_pro0_5_1_0.bmp	0.10244
cri3_pro0_6_0_0.bmp	0.12138
cri3_pro0_6_1_0.bmp	0.06993
cri3_pro0_7_0_0.bmp	0.14608
cri3_pro0_7_1_0.bmp	0.09702

td01_autocorr2d:
cri3_pro0_0_0_0.bmp	0.01436
cri3_pro0_0_1_0.bmp	0.01472
cri3_pro0_1_0_0.bmp	0.01608
cri3_pro0_1_1_0.bmp	0.01475
cri3_pro0_2_0_0.bmp	0.01380
cri3_pro0_2_1_0.bmp	0.01426
cri3_pro0_3_0_0.bmp	0.01099
cri3_pro0_3_1_0.bmp	0.01031
cri3_pro0_4_0_0.bmp	0.00573
cri3_pro0_4_1_0.bmp	0.00658
cri3_pro0_5_0_0.bmp	0.00784
cri3_pro0_5_1_0.bmp	0.00451
cri3_pro0_6_0_0.bmp	0.00550
cri3_pro0_6_1_0.bmp	0.00304
cri3_pro0_7_0_0.bmp	0.00533
cri3_pro0_7_1_0.bmp	0.00250

td02_coomatrix:
cri3_pro0_0_0_0.bmp	82905.66930
cri3_pro0_0_1_0.bmp	158508.62685
cri3_pro0_1_0_0.bmp	175958.18479
cri3_pro0_1_1_0.bmp	190138.40446
cri3_pro0_2_0_0.bmp	159156.28201
cri3_pro0_2_1_0.bmp	175669.82412
cri3_pro0_3_0_0.bmp	83942.60022
cri3_pro0_3_1_0.bmp	110036.07709
cri3_pro0_4_0_0.bmp	54718.42321
cri3_pro0_4_1_0.bmp	89901.98102
cri3_pro0_5_0_0.bmp	88445.29172
cri3_pro0_5_1_0.bmp	71271.89050
cri3_pro0_6_0_0.bmp	111208.73472
cri3_pro0_6_1_0.bmp	96595.69786
cri3_pro0_7_0_0.bmp	79705.85149
cri3_pro0_7_1_0.bmp	91854.30101

td03_dwtenergy:
cri3_pro0_0_0_0.bmp	24.08509
cri3_pro0_0_1_0.bmp	23.05207
cri3_pro0_1_0_0.bmp	29.87270
cri3_pro0_1_1_0.bmp	25.54267
cri3_pro0_2_0_0.bmp	20.97828
cri3_pro0_2_1_0.bmp	23.01292
cri3_pro0_3_0_0.bmp	14.47086
cri3_pro0_3_1_0.bmp	17.02130
cri3_pro0_4_0_0.bmp	12.87841
cri3_pro0_4_1_0.bmp	20.27065
cri3_pro0_5_0_0.bmp	16.34605
cri3_pro0_5_1_0.bmp	17.18720
cri3_pro0_6_0_0.bmp	17.84065
cri3_pro0_6_1_0.bmp	22.06229
cri3_pro0_7_0_0.bmp	15.14680
cri3_pro0_7_1_0.bmp	21.29983

td04_eigenfilter:
cri3_pro0_0_0_0.bmp	22.98897
cri3_pro0_0_1_0.bmp	25.92931
cri3_pro0_1_0_0.bmp	26.43388
cri3_pro0_1_1_0.bmp	25.48785
cri3_pro0_2_0_0.bmp	23.46927
cri3_pro0_2_1_0.bmp	25.01504
cri3_pro0_3_0_0.bmp	18.58049
cri3_pro0_3_1_0.bmp	18.18170
cri3_pro0_4_0_0.bmp	12.05705
cri3_pro0_4_1_0.bmp	14.61876
cri3_pro0_5_0_0.bmp	15.46027
cri3_pro0_5_1_0.bmp	10.58498
cri3_pro0_6_0_0.bmp	12.34926
cri3_pro0_6_1_0.bmp	10.15491
cri3_pro0_7_0_0.bmp	11.66863
cri3_pro0_7_1_0.bmp	8.77048

td05_gabor:
cri3_pro0_0_0_0.bmp	0.02701
cri3_pro0_0_1_0.bmp	0.04764
cri3_pro0_1_0_0.bmp	0.05433
cri3_pro0_1_1_0.bmp	0.05220
cri3_pro0_2_0_0.bmp	0.03646
cri3_pro0_2_1_0.bmp	0.03182
cri3_pro0_3_0_0.bmp	0.01630
cri3_pro0_3_1_0.bmp	0.02160
cri3_pro0_4_0_0.bmp	0.00708
cri3_pro0_4_1_0.bmp	0.00743
cri3_pro0_5_0_0.bmp	0.01085
cri3_pro0_5_1_0.bmp	0.00720
cri3_pro0_6_0_0.bmp	0.00828
cri3_pro0_6_1_0.bmp	0.00561
cri3_pro0_7_0_0.bmp	0.00924
cri3_pro0_7_1_0.bmp	0.00461

td06_gmrf:
cri3_pro0_0_0_0.bmp	0.03940
cri3_pro0_0_1_0.bmp	0.02973
cri3_pro0_1_0_0.bmp	0.03749
cri3_pro0_1_1_0.bmp	0.03250
cri3_pro0_2_0_0.bmp	0.02471
cri3_pro0_2_1_0.bmp	0.02870
cri3_pro0_3_0_0.bmp	0.02810
cri3_pro0_3_1_0.bmp	0.01873
cri3_pro0_4_0_0.bmp	0.02137
cri3_pro0_4_1_0.bmp	0.01611
cri3_pro0_5_0_0.bmp	0.03150
cri3_pro0_5_1_0.bmp	0.02289
cri3_pro0_6_0_0.bmp	0.02066
cri3_pro0_6_1_0.bmp	0.01720
cri3_pro0_7_0_0.bmp	0.02459
cri3_pro0_7_1_0.bmp	0.02079

td07_granulometrymoments:
cri3_pro0_0_0_0.bmp	96.52928
cri3_pro0_0_1_0.bmp	99.30069
cri3_pro0_1_0_0.bmp	106.61890
cri3_pro0_1_1_0.bmp	100.89505
cri3_pro0_2_0_0.bmp	89.40292
cri3_pro0_2_1_0.bmp	60.13389
cri3_pro0_3_0_0.bmp	93.50451
cri3_pro0_3_1_0.bmp	79.90436
cri3_pro0_4_0_0.bmp	1232.96588
cri3_pro0_4_1_0.bmp	100.99092
cri3_pro0_5_0_0.bmp	106.58215
cri3_pro0_5_1_0.bmp	99.67494
cri3_pro0_6_0_0.bmp	103.05446
cri3_pro0_6_1_0.bmp	104.12890
cri3_pro0_7_0_0.bmp	101.47623
cri3_pro0_7_1_0.bmp	106.52228

td08_laplacianpyramid:
cri3_pro0_0_0_0.bmp	1.51302
cri3_pro0_0_1_0.bmp	1.91008
cri3_pro0_1_0_0.bmp	2.09091
cri3_pro0_1_1_0.bmp	2.00947
cri3_pro0_2_0_0.bmp	1.76855
cri3_pro0_2_1_0.bmp	1.90258
cri3_pro0_3_0_0.bmp	1.25495
cri3_pro0_3_1_0.bmp	1.35981
cri3_pro0_4_0_0.bmp	0.90858
cri3_pro0_4_1_0.bmp	1.22692
cri3_pro0_5_0_0.bmp	1.21924
cri3_pro0_5_1_0.bmp	1.05421
cri3_pro0_6_0_0.bmp	1.24882
cri3_pro0_6_1_0.bmp	1.13355
cri3_pro0_7_0_0.bmp	0.89827
cri3_pro0_7_1_0.bmp	1.01216

td09_lawsoperators:
cri3_pro0_0_0_0.bmp	0.01014
cri3_pro0_0_1_0.bmp	0.01086
cri3_pro0_1_0_0.bmp	0.01353
cri3_pro0_1_1_0.bmp	0.01179
cri3_pro0_2_0_0.bmp	0.01063
cri3_pro0_2_1_0.bmp	0.01078
cri3_pro0_3_0_0.bmp	0.00707
cri3_pro0_3_1_0.bmp	0.00684
cri3_pro0_4_0_0.bmp	0.00333
cri3_pro0_4_1_0.bmp	0.00369
cri3_pro0_5_0_0.bmp	0.00486
cri3_pro0_5_1_0.bmp	0.00294
cri3_pro0_6_0_0.bmp	0.00430
cri3_pro0_6_1_0.bmp	0.00216
cri3_pro0_7_0_0.bmp	0.00317
cri3_pro0_7_1_0.bmp	0.00223

td10_lbp:
cri3_pro0_0_0_0.bmp	0.00191
cri3_pro0_0_1_0.bmp	0.00392
cri3_pro0_1_0_0.bmp	0.00626
cri3_pro0_1_1_0.bmp	0.00628
cri3_pro0_2_0_0.bmp	0.00443
cri3_pro0_2_1_0.bmp	0.00543
cri3_pro0_3_0_0.bmp	0.00144
cri3_pro0_3_1_0.bmp	0.00145
cri3_pro0_4_0_0.bmp	0.00035
cri3_pro0_4_1_0.bmp	0.00074
cri3_pro0_5_0_0.bmp	0.00101
cri3_pro0_5_1_0.bmp	0.00058
cri3_pro0_6_0_0.bmp	0.00097
cri3_pro0_6_1_0.bmp	0.00078
cri3_pro0_7_0_0.bmp	0.00063
cri3_pro0_7_1_0.bmp	0.00066

td11_steerablepyramid:
cri3_pro0_0_0_0.bmp	4.34608
cri3_pro0_0_1_0.bmp	5.42385
cri3_pro0_1_0_0.bmp	4.90280
cri3_pro0_1_1_0.bmp	5.69796
cri3_pro0_2_0_0.bmp	4.71864
cri3_pro0_2_1_0.bmp	5.23284
cri3_pro0_3_0_0.bmp	3.99666
cri3_pro0_3_1_0.bmp	4.32837
cri3_pro0_4_0_0.bmp	3.24812
cri3_pro0_4_1_0.bmp	4.50223
cri3_pro0_5_0_0.bmp	4.12623
cri3_pro0_5_1_0.bmp	3.46825
cri3_pro0_6_0_0.bmp	3.41062
cri3_pro0_6_1_0.bmp	3.88564
cri3_pro0_7_0_0.bmp	3.00033
cri3_pro0_7_1_0.bmp	3.51210

td12_power_spectrum_fft:
cri3_pro0_0_0_0.bmp	925.18446
cri3_pro0_0_1_0.bmp	1180.02969
cri3_pro0_1_0_0.bmp	1443.99672
cri3_pro0_1_1_0.bmp	1176.93590
cri3_pro0_2_0_0.bmp	1562.02684
cri3_pro0_2_1_0.bmp	1663.33685
cri3_pro0_3_0_0.bmp	1345.96988
cri3_pro0_3_1_0.bmp	981.39606
cri3_pro0_4_0_0.bmp	561.39306
cri3_pro0_4_1_0.bmp	523.40185
cri3_pro0_5_0_0.bmp	686.90205
cri3_pro0_5_1_0.bmp	328.30123
cri3_pro0_6_0_0.bmp	405.76508
cri3_pro0_6_1_0.bmp	201.85711
cri3_pro0_7_0_0.bmp	468.74884
cri3_pro0_7_1_0.bmp	143.48979

td13_wigner_distribution:
cri3_pro0_0_0_0.bmp	0.07409
cri3_pro0_0_1_0.bmp	0.06939
cri3_pro0_1_0_0.bmp	0.10007
cri3_pro0_1_1_0.bmp	0.06728
cri3_pro0_2_0_0.bmp	0.06115
cri3_pro0_2_1_0.bmp	0.07467
cri3_pro0_3_0_0.bmp	0.03819
cri3_pro0_3_1_0.bmp	0.03452
cri3_pro0_4_0_0.bmp	0.01331
cri3_pro0_4_1_0.bmp	0.02620
cri3_pro0_5_0_0.bmp	0.01702
cri3_pro0_5_1_0.bmp	0.00595
cri3_pro0_6_0_0.bmp	0.00808
cri3_pro0_6_1_0.bmp	0.00762
cri3_pro0_7_0_0.bmp	0.00795
cri3_pro0_7_1_0.bmp	0.01637
cri4_ref0.bmp

td00_ar2d:
cri4_pro0_0_0_0.bmp	0.12150
cri4_pro0_0_1_0.bmp	0.28305
cri4_pro0_1_0_0.bmp	0.14490
cri4_pro0_1_1_0.bmp	0.22070
cri4_pro0_2_0_0.bmp	0.16975
cri4_pro0_2_1_0.bmp	0.22631
cri4_pro0_3_0_0.bmp	0.17492
cri4_pro0_3_1_0.bmp	0.20990
cri4_pro0_4_0_0.bmp	0.16791
cri4_pro0_4_1_0.bmp	0.21328
cri4_pro0_5_0_0.bmp	0.11252
cri4_pro0_5_1_0.bmp	0.20481
cri4_pro0_6_0_0.bmp	0.12854
cri4_pro0_6_1_0.bmp	0.20686
cri4_pro0_7_0_0.bmp	0.10690
cri4_pro0_7_1_0.bmp	0.12813

td01_autocorr2d:
cri4_pro0_0_0_0.bmp	0.00133
cri4_pro0_0_1_0.bmp	0.00101
cri4_pro0_1_0_0.bmp	0.00176
cri4_pro0_1_1_0.bmp	0.00120
cri4_pro0_2_0_0.bmp	0.00409
cri4_pro0_2_1_0.bmp	0.00403
cri4_pro0_3_0_0.bmp	0.00318
cri4_pro0_3_1_0.bmp	0.00409
cri4_pro0_4_0_0.bmp	0.00419
cri4_pro0_4_1_0.bmp	0.00393
cri4_pro0_5_0_0.bmp	0.00443
cri4_pro0_5_1_0.bmp	0.00385
cri4_pro0_6_0_0.bmp	0.00271
cri4_pro0_6_1_0.bmp	0.00209
cri4_pro0_7_0_0.bmp	0.00054
cri4_pro0_7_1_0.bmp	0.00141

td02_coomatrix:
cri4_pro0_0_0_0.bmp	108970.82944
cri4_pro0_0_1_0.bmp	125180.74233
cri4_pro0_1_0_0.bmp	67476.78358
cri4_pro0_1_1_0.bmp	31638.53616
cri4_pro0_2_0_0.bmp	139805.47262
cri4_pro0_2_1_0.bmp	126484.10137
cri4_pro0_3_0_0.bmp	104322.00722
cri4_pro0_3_1_0.bmp	105665.67792
cri4_pro0_4_0_0.bmp	81689.44289
cri4_pro0_4_1_0.bmp	56312.02023
cri4_pro0_5_0_0.bmp	116986.61531
cri4_pro0_5_1_0.bmp	114120.55810
cri4_pro0_6_0_0.bmp	4814.22041
cri4_pro0_6_1_0.bmp	15418.77768
cri4_pro0_7_0_0.bmp	10861.50311
cri4_pro0_7_1_0.bmp	14031.02422

td03_dwtenergy:
cri4_pro0_0_0_0.bmp	8.05228
cri4_pro0_0_1_0.bmp	9.47060
cri4_pro0_1_0_0.bmp	22.01788
cri4_pro0_1_1_0.bmp	25.25390
cri4_pro0_2_0_0.bmp	20.14605
cri4_pro0_2_1_0.bmp	23.83907
cri4_pro0_3_0_0.bmp	22.09256
cri4_pro0_3_1_0.bmp	23.93897
cri4_pro0_4_0_0.bmp	30.94621
cri4_pro0_4_1_0.bmp	31.92788
cri4_pro0_5_0_0.bmp	29.55420
cri4_pro0_5_1_0.bmp	29.17186
cri4_pro0_6_0_0.bmp	32.73936
cri4_pro0_6_1_0.bmp	29.42798
cri4_pro0_7_0_0.bmp	9.21405
cri4_pro0_7_1_0.bmp	9.36423

td04_eigenfilter:
cri4_pro0_0_0_0.bmp	2.59198
cri4_pro0_0_1_0.bmp	3.49844
cri4_pro0_1_0_0.bmp	1.86647
cri4_pro0_1_1_0.bmp	2.71904
cri4_pro0_2_0_0.bmp	6.05291
cri4_pro0_2_1_0.bmp	5.14966
cri4_pro0_3_0_0.bmp	2.98114
cri4_pro0_3_1_0.bmp	4.78049
cri4_pro0_4_0_0.bmp	3.33461
cri4_pro0_4_1_0.bmp	2.99235
cri4_pro0_5_0_0.bmp	4.11673
cri4_pro0_5_1_0.bmp	3.38980
cri4_pro0_6_0_0.bmp	0.38786
cri4_pro0_6_1_0.bmp	0.97459
cri4_pro0_7_0_0.bmp	1.30253
cri4_pro0_7_1_0.bmp	2.75588

td05_gabor:
cri4_pro0_0_0_0.bmp	0.01620
cri4_pro0_0_1_0.bmp	0.01675
cri4_pro0_1_0_0.bmp	0.01098
cri4_pro0_1_1_0.bmp	0.00921
cri4_pro0_2_0_0.bmp	0.02164
cri4_pro0_2_1_0.bmp	0.01123
cri4_pro0_3_0_0.bmp	0.01839
cri4_pro0_3_1_0.bmp	0.02742
cri4_pro0_4_0_0.bmp	0.01354
cri4_pro0_4_1_0.bmp	0.02027
cri4_pro0_5_0_0.bmp	0.01902
cri4_pro0_5_1_0.bmp	0.02597
cri4_pro0_6_0_0.bmp	0.01442
cri4_pro0_6_1_0.bmp	0.00917
cri4_pro0_7_0_0.bmp	0.00554
cri4_pro0_7_1_0.bmp	0.00569

td06_gmrf:
cri4_pro0_0_0_0.bmp	0.07454
cri4_pro0_0_1_0.bmp	0.08130
cri4_pro0_1_0_0.bmp	0.06642
cri4_pro0_1_1_0.bmp	0.07549
cri4_pro0_2_0_0.bmp	0.08182
cri4_pro0_2_1_0.bmp	0.07487
cri4_pro0_3_0_0.bmp	0.05291
cri4_pro0_3_1_0.bmp	0.05668
cri4_pro0_4_0_0.bmp	0.03104
cri4_pro0_4_1_0.bmp	0.03584
cri4_pro0_5_0_0.bmp	0.03799
cri4_pro0_5_1_0.bmp	0.04511
cri4_pro0_6_0_0.bmp	0.02145
cri4_pro0_6_1_0.bmp	0.02388
cri4_pro0_7_0_0.bmp	0.03314
cri4_pro0_7_1_0.bmp	0.03219

td07_granulometrymoments:
cri4_pro0_0_0_0.bmp	51.29500
cri4_pro0_0_1_0.bmp	50.05277
cri4_pro0_1_0_0.bmp	46.32315
cri4_pro0_1_1_0.bmp	35.90972
cri4_pro0_2_0_0.bmp	50.31553
cri4_pro0_2_1_0.bmp	45.19808
cri4_pro0_3_0_0.bmp	40.41750
cri4_pro0_3_1_0.bmp	44.45043
cri4_pro0_4_0_0.bmp	57.31292
cri4_pro0_4_1_0.bmp	42.04258
cri4_pro0_5_0_0.bmp	49.28071
cri4_pro0_5_1_0.bmp	46.13923
cri4_pro0_6_0_0.bmp	80.27866
cri4_pro0_6_1_0.bmp	81.80741
cri4_pro0_7_0_0.bmp	46.46383
cri4_pro0_7_1_0.bmp	128.87473

td08_laplacianpyramid:
cri4_pro0_0_0_0.bmp	0.51984
cri4_pro0_0_1_0.bmp	0.60443
cri4_pro0_1_0_0.bmp	0.51705
cri4_pro0_1_1_0.bmp	0.53853
cri4_pro0_2_0_0.bmp	0.57228
cri4_pro0_2_1_0.bmp	0.51942
cri4_pro0_3_0_0.bmp	0.41336
cri4_pro0_3_1_0.bmp	0.44719
cri4_pro0_4_0_0.bmp	0.42010
cri4_pro0_4_1_0.bmp	0.41208
cri4_pro0_5_0_0.bmp	0.48201
cri4_pro0_5_1_0.bmp	0.48042
cri4_pro0_6_0_0.bmp	0.50090
cri4_pro0_6_1_0.bmp	0.53349
cri4_pro0_7_0_0.bmp	0.15547
cri4_pro0_7_1_0.bmp	0.17641

td09_lawsoperators:
cri4_pro0_0_0_0.bmp	0.00478
cri4_pro0_0_1_0.bmp	0.00523
cri4_pro0_1_0_0.bmp	0.00539
cri4_pro0_1_1_0.bmp	0.00433
cri4_pro0_2_0_0.bmp	0.00841
cri4_pro0_2_1_0.bmp	0.00832
cri4_pro0_3_0_0.bmp	0.00708
cri4_pro0_3_1_0.bmp	0.00788
cri4_pro0_4_0_0.bmp	0.00811
cri4_pro0_4_1_0.bmp	0.00714
cri4_pro0_5_0_0.bmp	0.00936
cri4_pro0_5_1_0.bmp	0.00905
cri4_pro0_6_0_0.bmp	0.00483
cri4_pro0_6_1_0.bmp	0.00319
cri4_pro0_7_0_0.bmp	0.00160
cri4_pro0_7_1_0.bmp	0.00199

td10_lbp:
cri4_pro0_0_0_0.bmp	0.00431
cri4_pro0_0_1_0.bmp	0.00516
cri4_pro0_1_0_0.bmp	0.00221
cri4_pro0_1_1_0.bmp	0.00063
cri4_pro0_2_0_0.bmp	0.00576
cri4_pro0_2_1_0.bmp	0.00484
cri4_pro0_3_0_0.bmp	0.00351
cri4_pro0_3_1_0.bmp	0.00381
cri4_pro0_4_0_0.bmp	0.00291
cri4_pro0_4_1_0.bmp	0.00157
cri4_pro0_5_0_0.bmp	0.00526
cri4_pro0_5_1_0.bmp	0.00518
cri4_pro0_6_0_0.bmp	0.00021
cri4_pro0_6_1_0.bmp	0.00012
cri4_pro0_7_0_0.bmp	0.00026
cri4_pro0_7_1_0.bmp	0.00041

td11_steerablepyramid:
cri4_pro0_0_0_0.bmp	0.70516
cri4_pro0_0_1_0.bmp	1.05878
cri4_pro0_1_0_0.bmp	2.04531
cri4_pro0_1_1_0.bmp	2.36411
cri4_pro0_2_0_0.bmp	1.14227
cri4_pro0_2_1_0.bmp	1.26673
cri4_pro0_3_0_0.bmp	1.16678
cri4_pro0_3_1_0.bmp	1.16483
cri4_pro0_4_0_0.bmp	2.20123
cri4_pro0_4_1_0.bmp	2.22236
cri4_pro0_5_0_0.bmp	1.82576
cri4_pro0_5_1_0.bmp	2.05155
cri4_pro0_6_0_0.bmp	2.57095
cri4_pro0_6_1_0.bmp	2.11330
cri4_pro0_7_0_0.bmp	0.50465
cri4_pro0_7_1_0.bmp	0.45888

td12_power_spectrum_fft:
cri4_pro0_0_0_0.bmp	256.28871
cri4_pro0_0_1_0.bmp	1057.76737
cri4_pro0_1_0_0.bmp	414.68492
cri4_pro0_1_1_0.bmp	346.84326
cri4_pro0_2_0_0.bmp	1874.73929
cri4_pro0_2_1_0.bmp	1522.08687
cri4_pro0_3_0_0.bmp	81.16638
cri4_pro0_3_1_0.bmp	1265.64976
cri4_pro0_4_0_0.bmp	1019.34967
cri4_pro0_4_1_0.bmp	315.88556
cri4_pro0_5_0_0.bmp	714.85739
cri4_pro0_5_1_0.bmp	404.54874
cri4_pro0_6_0_0.bmp	211.51432
cri4_pro0_6_1_0.bmp	609.18729
cri4_pro0_7_0_0.bmp	1099.20486
cri4_pro0_7_1_0.bmp	49.90983

td13_wigner_distribution:
cri4_pro0_0_0_0.bmp	0.23731
cri4_pro0_0_1_0.bmp	0.01322
cri4_pro0_1_0_0.bmp	0.08731
cri4_pro0_1_1_0.bmp	0.04371
cri4_pro0_2_0_0.bmp	0.06940
cri4_pro0_2_1_0.bmp	0.15830
cri4_pro0_3_0_0.bmp	0.31866
cri4_pro0_3_1_0.bmp	0.21441
cri4_pro0_4_0_0.bmp	0.19311
cri4_pro0_4_1_0.bmp	0.11868
cri4_pro0_5_0_0.bmp	0.20570
cri4_pro0_5_1_0.bmp	0.15623
cri4_pro0_6_0_0.bmp	0.13946
cri4_pro0_6_1_0.bmp	0.14403
cri4_pro0_7_0_0.bmp	0.00521
cri4_pro0_7_1_0.bmp	0.11705
cri6_ref0.bmp

td00_ar2d:
cri6_pro0_0_0_0.bmp	0.23259
cri6_pro0_0_1_0.bmp	0.21590
cri6_pro0_1_0_0.bmp	0.26542
cri6_pro0_1_1_0.bmp	0.26614
cri6_pro0_2_0_0.bmp	0.29606
cri6_pro0_2_1_0.bmp	0.22467
cri6_pro0_3_0_0.bmp	0.11460
cri6_pro0_3_1_0.bmp	0.11166
cri6_pro0_4_0_0.bmp	0.21010
cri6_pro0_4_1_0.bmp	0.16422
cri6_pro0_5_0_0.bmp	0.10047
cri6_pro0_5_1_0.bmp	0.15291
cri6_pro0_6_0_0.bmp	0.15990
cri6_pro0_6_1_0.bmp	0.10254
cri6_pro0_7_0_0.bmp	0.07653
cri6_pro0_7_1_0.bmp	0.10113

td01_autocorr2d:
cri6_pro0_0_0_0.bmp	0.02627
cri6_pro0_0_1_0.bmp	0.02186
cri6_pro0_1_0_0.bmp	0.01943
cri6_pro0_1_1_0.bmp	0.02114
cri6_pro0_2_0_0.bmp	0.01938
cri6_pro0_2_1_0.bmp	0.01429
cri6_pro0_3_0_0.bmp	0.01383
cri6_pro0_3_1_0.bmp	0.00970
cri6_pro0_4_0_0.bmp	0.01953
cri6_pro0_4_1_0.bmp	0.01701
cri6_pro0_5_0_0.bmp	0.01188
cri6_pro0_5_1_0.bmp	0.01004
cri6_pro0_6_0_0.bmp	0.01112
cri6_pro0_6_1_0.bmp	0.00805
cri6_pro0_7_0_0.bmp	0.00334
cri6_pro0_7_1_0.bmp	0.00281

td02_coomatrix:
cri6_pro0_0_0_0.bmp	202260.68738
cri6_pro0_0_1_0.bmp	182815.60641
cri6_pro0_1_0_0.bmp	138282.80688
cri6_pro0_1_1_0.bmp	150658.60075
cri6_pro0_2_0_0.bmp	77849.79510
cri6_pro0_2_1_0.bmp	132064.31108
cri6_pro0_3_0_0.bmp	110496.46207
cri6_pro0_3_1_0.bmp	123967.13168
cri6_pro0_4_0_0.bmp	124769.08577
cri6_pro0_4_1_0.bmp	104346.58209
cri6_pro0_5_0_0.bmp	92259.92095
cri6_pro0_5_1_0.bmp	94652.62104
cri6_pro0_6_0_0.bmp	97313.70336
cri6_pro0_6_1_0.bmp	75652.53507
cri6_pro0_7_0_0.bmp	28661.26655
cri6_pro0_7_1_0.bmp	31976.57015

td03_dwtenergy:
cri6_pro0_0_0_0.bmp	33.41338
cri6_pro0_0_1_0.bmp	27.95961
cri6_pro0_1_0_0.bmp	19.63499
cri6_pro0_1_1_0.bmp	19.32170
cri6_pro0_2_0_0.bmp	18.57687
cri6_pro0_2_1_0.bmp	19.11007
cri6_pro0_3_0_0.bmp	18.17600
cri6_pro0_3_1_0.bmp	19.15242
cri6_pro0_4_0_0.bmp	21.67135
cri6_pro0_4_1_0.bmp	15.15105
cri6_pro0_5_0_0.bmp	12.34149
cri6_pro0_5_1_0.bmp	12.44896
cri6_pro0_6_0_0.bmp	11.73794
cri6_pro0_6_1_0.bmp	8.38650
cri6_pro0_7_0_0.bmp	3.64946
cri6_pro0_7_1_0.bmp	5.95655

td04_eigenfilter:
cri6_pro0_0_0_0.bmp	28.71327
cri6_pro0_0_1_0.bmp	24.48655
cri6_pro0_1_0_0.bmp	21.33440
cri6_pro0_1_1_0.bmp	24.35051
cri6_pro0_2_0_0.bmp	22.20709
cri6_pro0_2_1_0.bmp	19.74586
cri6_pro0_3_0_0.bmp	18.01380
cri6_pro0_3_1_0.bmp	15.61276
cri6_pro0_4_0_0.bmp	19.18745
cri6_pro0_4_1_0.bmp	17.36148
cri6_pro0_5_0_0.bmp	9.68388
cri6_pro0_5_1_0.bmp	7.72393
cri6_pro0_6_0_0.bmp	12.32539
cri6_pro0_6_1_0.bmp	9.60919
cri6_pro0_7_0_0.bmp	4.00426
cri6_pro0_7_1_0.bmp	5.45012

td05_gabor:
cri6_pro0_0_0_0.bmp	0.05916
cri6_pro0_0_1_0.bmp	0.04343
cri6_pro0_1_0_0.bmp	0.03707
cri6_pro0_1_1_0.bmp	0.02046
cri6_pro0_2_0_0.bmp	0.01528
cri6_pro0_2_1_0.bmp	0.01209
cri6_pro0_3_0_0.bmp	0.01785
cri6_pro0_3_1_0.bmp	0.01234
cri6_pro0_4_0_0.bmp	0.02196
cri6_pro0_4_1_0.bmp	0.01031
cri6_pro0_5_0_0.bmp	0.02119
cri6_pro0_5_1_0.bmp	0.00486
cri6_pro0_6_0_0.bmp	0.01040
cri6_pro0_6_1_0.bmp	0.00249
cri6_pro0_7_0_0.bmp	0.00499
cri6_pro0_7_1_0.bmp	0.00700

td06_gmrf:
cri6_pro0_0_0_0.bmp	0.03282
cri6_pro0_0_1_0.bmp	0.02540
cri6_pro0_1_0_0.bmp	0.03534
cri6_pro0_1_1_0.bmp	0.03747
cri6_pro0_2_0_0.bmp	0.03862
cri6_pro0_2_1_0.bmp	0.01784
cri6_pro0_3_0_0.bmp	0.02047
cri6_pro0_3_1_0.bmp	0.01512
cri6_pro0_4_0_0.bmp	0.02900
cri6_pro0_4_1_0.bmp	0.03053
cri6_pro0_5_0_0.bmp	0.01312
cri6_pro0_5_1_0.bmp	0.02254
cri6_pro0_6_0_0.bmp	0.01638
cri6_pro0_6_1_0.bmp	0.00620
cri6_pro0_7_0_0.bmp	0.02364
cri6_pro0_7_1_0.bmp	0.00473

td07_granulometrymoments:
cri6_pro0_0_0_0.bmp	3.06362
cri6_pro0_0_1_0.bmp	2.86926
cri6_pro0_1_0_0.bmp	2.79552
cri6_pro0_1_1_0.bmp	3.48274
cri6_pro0_2_0_0.bmp	3.73333
cri6_pro0_2_1_0.bmp	3.22500
cri6_pro0_3_0_0.bmp	2.20210
cri6_pro0_3_1_0.bmp	3.17565
cri6_pro0_4_0_0.bmp	2.80724
cri6_pro0_4_1_0.bmp	4.34165
cri6_pro0_5_0_0.bmp	1.29639
cri6_pro0_5_1_0.bmp	2.38660
cri6_pro0_6_0_0.bmp	2.25700
cri6_pro0_6_1_0.bmp	1.72399
cri6_pro0_7_0_0.bmp	1.88028
cri6_pro0_7_1_0.bmp	0.87810

td08_laplacianpyramid:
cri6_pro0_0_0_0.bmp	1.79796
cri6_pro0_0_1_0.bmp	1.81970
cri6_pro0_1_0_0.bmp	1.18918
cri6_pro0_1_1_0.bmp	1.52094
cri6_pro0_2_0_0.bmp	0.88027
cri6_pro0_2_1_0.bmp	1.34248
cri6_pro0_3_0_0.bmp	1.15715
cri6_pro0_3_1_0.bmp	1.12520
cri6_pro0_4_0_0.bmp	0.95653
cri6_pro0_4_1_0.bmp	0.83644
cri6_pro0_5_0_0.bmp	0.47672
cri6_pro0_5_1_0.bmp	0.53064
cri6_pro0_6_0_0.bmp	0.52509
cri6_pro0_6_1_0.bmp	0.48623
cri6_pro0_7_0_0.bmp	0.14316
cri6_pro0_7_1_0.bmp	0.15701

td09_lawsoperators:
cri6_pro0_0_0_0.bmp	0.01600
cri6_pro0_0_1_0.bmp	0.01378
cri6_pro0_1_0_0.bmp	0.01036
cri6_pro0_1_1_0.bmp	0.01080
cri6_pro0_2_0_0.bmp	0.00772
cri6_pro0_2_1_0.bmp	0.00814
cri6_pro0_3_0_0.bmp	0.00769
cri6_pro0_3_1_0.bmp	0.00559
cri6_pro0_4_0_0.bmp	0.01051
cri6_pro0_4_1_0.bmp	0.00838
cri6_pro0_5_0_0.bmp	0.00667
cri6_pro0_5_1_0.bmp	0.00690
cri6_pro0_6_0_0.bmp	0.00556
cri6_pro0_6_1_0.bmp	0.00388
cri6_pro0_7_0_0.bmp	0.00205
cri6_pro0_7_1_0.bmp	0.00107

td10_lbp:
cri6_pro0_0_0_0.bmp	0.00689
cri6_pro0_0_1_0.bmp	0.00459
cri6_pro0_1_0_0.bmp	0.00259
cri6_pro0_1_1_0.bmp	0.00246
cri6_pro0_2_0_0.bmp	0.00071
cri6_pro0_2_1_0.bmp	0.00209
cri6_pro0_3_0_0.bmp	0.00111
cri6_pro0_3_1_0.bmp	0.00154
cri6_pro0_4_0_0.bmp	0.00140
cri6_pro0_4_1_0.bmp	0.00144
cri6_pro0_5_0_0.bmp	0.00075
cri6_pro0_5_1_0.bmp	0.00061
cri6_pro0_6_0_0.bmp	0.00114
cri6_pro0_6_1_0.bmp	0.00034
cri6_pro0_7_0_0.bmp	0.00022
cri6_pro0_7_1_0.bmp	0.00015

td11_steerablepyramid:
cri6_pro0_0_0_0.bmp	3.14857
cri6_pro0_0_1_0.bmp	3.89218
cri6_pro0_1_0_0.bmp	3.85134
cri6_pro0_1_1_0.bmp	5.20542
cri6_pro0_2_0_0.bmp	3.11303
cri6_pro0_2_1_0.bmp	4.59679
cri6_pro0_3_0_0.bmp	4.13769
cri6_pro0_3_1_0.bmp	4.22896
cri6_pro0_4_0_0.bmp	2.33128
cri6_pro0_4_1_0.bmp	2.05093
cri6_pro0_5_0_0.bmp	1.52527
cri6_pro0_5_1_0.bmp	2.18439
cri6_pro0_6_0_0.bmp	1.57751
cri6_pro0_6_1_0.bmp	1.99278
cri6_pro0_7_0_0.bmp	0.42564
cri6_pro0_7_1_0.bmp	0.61594

td12_power_spectrum_fft:
cri6_pro0_0_0_0.bmp	206.15236
cri6_pro0_0_1_0.bmp	78.68114
cri6_pro0_1_0_0.bmp	69.98802
cri6_pro0_1_1_0.bmp	50.40976
cri6_pro0_2_0_0.bmp	114.65574
cri6_pro0_2_1_0.bmp	31.01311
cri6_pro0_3_0_0.bmp	13.99667
cri6_pro0_3_1_0.bmp	30.30350
cri6_pro0_4_0_0.bmp	53.62577
cri6_pro0_4_1_0.bmp	128.24006
cri6_pro0_5_0_0.bmp	32.79007
cri6_pro0_5_1_0.bmp	9.03191
cri6_pro0_6_0_0.bmp	38.25734
cri6_pro0_6_1_0.bmp	25.52970
cri6_pro0_7_0_0.bmp	8.65497
cri6_pro0_7_1_0.bmp	9.90678

td13_wigner_distribution:
cri6_pro0_0_0_0.bmp	0.14267
cri6_pro0_0_1_0.bmp	0.18793
cri6_pro0_1_0_0.bmp	0.07549
cri6_pro0_1_1_0.bmp	0.04219
cri6_pro0_2_0_0.bmp	0.06479
cri6_pro0_2_1_0.bmp	0.01819
cri6_pro0_3_0_0.bmp	0.01979
cri6_pro0_3_1_0.bmp	0.01694
cri6_pro0_4_0_0.bmp	0.08414
cri6_pro0_4_1_0.bmp	0.04101
cri6_pro0_5_0_0.bmp	0.03591
cri6_pro0_5_1_0.bmp	0.05630
cri6_pro0_6_0_0.bmp	0.00857
cri6_pro0_6_1_0.bmp	0.00577
cri6_pro0_7_0_0.bmp	0.00997
cri6_pro0_7_1_0.bmp	0.00619

2019-11-30 21:44:02,451 debug: Printing message
2019-11-30 21:44:02,451 debug: Message printed
2019-11-30 21:44:02,452 info: Load Completed!
2019-11-30 21:44:02,452 debug: Data loaded
